<?xml version="1.0" encoding="UTF-8"?>
<testsuite name="JUnitTest" tests="1" skipped="0" failures="0" errors="0" timestamp="2023-11-24T03:00:37" hostname="GRAM" time="0.051">
  <properties/>
  <testcase name="1 + 2는 3이다" classname="JUnitTest" time="0.051"/>
  <system-out><![CDATA[]]></system-out>
  <system-err><![CDATA[]]></system-err>
</testsuite>
